Performing C SOURCE FILE Test CMAKE_HAVE_LIBC_PTHREAD failed with the following output:
Change Dir: /home/zjh/shared_dir/work/map_label/include/hull/build/CMakeFiles/CMakeTmp

Run Build Command(s):/usr/bin/make cmTC_71407/fast && /usr/bin/make  -f CMakeFiles/cmTC_71407.dir/build.make CMakeFiles/cmTC_71407.dir/build
make[1]: Entering directory '/mnt/data/shared_dir/work/map_label/include/hull/build/CMakeFiles/CMakeTmp'
Building C object CMakeFiles/cmTC_71407.dir/src.c.o
/usr/bin/cc   -DCMAKE_HAVE_LIBC_PTHREAD -o CMakeFiles/cmTC_71407.dir/src.c.o -c /home/zjh/shared_dir/work/map_label/include/hull/build/CMakeFiles/CMakeTmp/src.c
Linking C executable cmTC_71407
/usr/local/bin/cmake -E cmake_link_script CMakeFiles/cmTC_71407.dir/link.txt --verbose=1
/usr/bin/cc  -DCMAKE_HAVE_LIBC_PTHREAD -rdynamic CMakeFiles/cmTC_71407.dir/src.c.o -o cmTC_71407 
CMakeFiles/cmTC_71407.dir/src.c.o：在函数‘main’中：
src.c:(.text+0x3c)：对‘pthread_create’未定义的引用
src.c:(.text+0x48)：对‘pthread_detach’未定义的引用
src.c:(.text+0x54)：对‘pthread_cancel’未定义的引用
src.c:(.text+0x65)：对‘pthread_join’未定义的引用
src.c:(.text+0x79)：对‘pthread_atfork’未定义的引用
collect2: error: ld returned 1 exit status
CMakeFiles/cmTC_71407.dir/build.make:105: recipe for target 'cmTC_71407' failed
make[1]: *** [cmTC_71407] Error 1
make[1]: Leaving directory '/mnt/data/shared_dir/work/map_label/include/hull/build/CMakeFiles/CMakeTmp'
Makefile:140: recipe for target 'cmTC_71407/fast' failed
make: *** [cmTC_71407/fast] Error 2


Source file was:
#include <pthread.h>

void* test_func(void* data)
{
  return data;
}

int main(void)
{
  pthread_t thread;
  pthread_create(&thread, NULL, test_func, NULL);
  pthread_detach(thread);
  pthread_cancel(thread);
  pthread_join(thread, NULL);
  pthread_atfork(NULL, NULL, NULL);
  pthread_exit(NULL);

  return 0;
}

Determining if the function pthread_create exists in the pthreads failed with the following output:
Change Dir: /home/zjh/shared_dir/work/map_label/include/hull/build/CMakeFiles/CMakeTmp

Run Build Command(s):/usr/bin/make cmTC_3124d/fast && /usr/bin/make  -f CMakeFiles/cmTC_3124d.dir/build.make CMakeFiles/cmTC_3124d.dir/build
make[1]: Entering directory '/mnt/data/shared_dir/work/map_label/include/hull/build/CMakeFiles/CMakeTmp'
Building C object CMakeFiles/cmTC_3124d.dir/CheckFunctionExists.c.o
/usr/bin/cc   -DCHECK_FUNCTION_EXISTS=pthread_create -o CMakeFiles/cmTC_3124d.dir/CheckFunctionExists.c.o -c /usr/local/share/cmake-3.18/Modules/CheckFunctionExists.c
Linking C executable cmTC_3124d
/usr/local/bin/cmake -E cmake_link_script CMakeFiles/cmTC_3124d.dir/link.txt --verbose=1
/usr/bin/cc  -DCHECK_FUNCTION_EXISTS=pthread_create -rdynamic CMakeFiles/cmTC_3124d.dir/CheckFunctionExists.c.o -o cmTC_3124d  -lpthreads 
/usr/bin/ld: 找不到 -lpthreads
collect2: error: ld returned 1 exit status
CMakeFiles/cmTC_3124d.dir/build.make:105: recipe for target 'cmTC_3124d' failed
make[1]: *** [cmTC_3124d] Error 1
make[1]: Leaving directory '/mnt/data/shared_dir/work/map_label/include/hull/build/CMakeFiles/CMakeTmp'
Makefile:140: recipe for target 'cmTC_3124d/fast' failed
make: *** [cmTC_3124d/fast] Error 2



