Performing C SOURCE FILE Test CMAKE_HAVE_LIBC_PTHREAD failed with the following output:
Change Dir: /home/zjh/shared_dir/work/map_label/include/bin2pcd/build/CMakeFiles/CMakeTmp

Run Build Command(s):/usr/bin/make cmTC_44e49/fast && /usr/bin/make  -f CMakeFiles/cmTC_44e49.dir/build.make CMakeFiles/cmTC_44e49.dir/build
make[1]: Entering directory '/mnt/data/shared_dir/work/map_label/include/bin2pcd/build/CMakeFiles/CMakeTmp'
Building C object CMakeFiles/cmTC_44e49.dir/src.c.o
/usr/bin/cc   -DCMAKE_HAVE_LIBC_PTHREAD -o CMakeFiles/cmTC_44e49.dir/src.c.o -c /home/zjh/shared_dir/work/map_label/include/bin2pcd/build/CMakeFiles/CMakeTmp/src.c
Linking C executable cmTC_44e49
/usr/local/bin/cmake -E cmake_link_script CMakeFiles/cmTC_44e49.dir/link.txt --verbose=1
/usr/bin/cc  -DCMAKE_HAVE_LIBC_PTHREAD -rdynamic CMakeFiles/cmTC_44e49.dir/src.c.o -o cmTC_44e49 
CMakeFiles/cmTC_44e49.dir/src.c.o：在函数‘main’中：
src.c:(.text+0x3c)：对‘pthread_create’未定义的引用
src.c:(.text+0x48)：对‘pthread_detach’未定义的引用
src.c:(.text+0x54)：对‘pthread_cancel’未定义的引用
src.c:(.text+0x65)：对‘pthread_join’未定义的引用
src.c:(.text+0x79)：对‘pthread_atfork’未定义的引用
collect2: error: ld returned 1 exit status
CMakeFiles/cmTC_44e49.dir/build.make:105: recipe for target 'cmTC_44e49' failed
make[1]: *** [cmTC_44e49] Error 1
make[1]: Leaving directory '/mnt/data/shared_dir/work/map_label/include/bin2pcd/build/CMakeFiles/CMakeTmp'
Makefile:140: recipe for target 'cmTC_44e49/fast' failed
make: *** [cmTC_44e49/fast] Error 2


Source file was:
#include <pthread.h>

void* test_func(void* data)
{
  return data;
}

int main(void)
{
  pthread_t thread;
  pthread_create(&thread, NULL, test_func, NULL);
  pthread_detach(thread);
  pthread_cancel(thread);
  pthread_join(thread, NULL);
  pthread_atfork(NULL, NULL, NULL);
  pthread_exit(NULL);

  return 0;
}

Determining if the function pthread_create exists in the pthreads failed with the following output:
Change Dir: /home/zjh/shared_dir/work/map_label/include/bin2pcd/build/CMakeFiles/CMakeTmp

Run Build Command(s):/usr/bin/make cmTC_fa2cb/fast && /usr/bin/make  -f CMakeFiles/cmTC_fa2cb.dir/build.make CMakeFiles/cmTC_fa2cb.dir/build
make[1]: Entering directory '/mnt/data/shared_dir/work/map_label/include/bin2pcd/build/CMakeFiles/CMakeTmp'
Building C object CMakeFiles/cmTC_fa2cb.dir/CheckFunctionExists.c.o
/usr/bin/cc   -DCHECK_FUNCTION_EXISTS=pthread_create -o CMakeFiles/cmTC_fa2cb.dir/CheckFunctionExists.c.o -c /usr/local/share/cmake-3.18/Modules/CheckFunctionExists.c
Linking C executable cmTC_fa2cb
/usr/local/bin/cmake -E cmake_link_script CMakeFiles/cmTC_fa2cb.dir/link.txt --verbose=1
/usr/bin/cc  -DCHECK_FUNCTION_EXISTS=pthread_create -rdynamic CMakeFiles/cmTC_fa2cb.dir/CheckFunctionExists.c.o -o cmTC_fa2cb  -lpthreads 
/usr/bin/ld: 找不到 -lpthreads
collect2: error: ld returned 1 exit status
CMakeFiles/cmTC_fa2cb.dir/build.make:105: recipe for target 'cmTC_fa2cb' failed
make[1]: *** [cmTC_fa2cb] Error 1
make[1]: Leaving directory '/mnt/data/shared_dir/work/map_label/include/bin2pcd/build/CMakeFiles/CMakeTmp'
Makefile:140: recipe for target 'cmTC_fa2cb/fast' failed
make: *** [cmTC_fa2cb/fast] Error 2



